<?xml version="1.0" encoding="UTF-8"?>
<!-- Generated by org.testng.reporters.JUnitXMLReporter -->
<testsuite ignored="0" hostname="LAPTOP-FUJI4BJO" failures="0" tests="3" name="Default test" time="3.417" errors="0" timestamp="2025-03-31T13:47:47 IST">
  <testcase classname="tests.TestAddToCart" name="testLogin" time="0.304"/>
  <testcase classname="tests.TestAddToCart" name="testAddToCart" time="0.227"/>
  <testcase classname="tests.TestAddToCart" name="testLogout" time="0.713"/>
</testsuite> <!-- Default test -->
